<?xml version="1.0" encoding="UTF-8"?>
<!-- Generated by org.testng.reporters.JUnitReportReporter -->
<testsuite hostname="Saranya-Laptop" failures="0" tests="1" name="Testcases.invalidSingleUser" time="0.524" errors="0" timestamp="2022-09-19T16:12:18 IST" skipped="0">
  <testcase classname="Testcases.invalidSingleUser" name="f" time="0.524"/>
  <system-out/>
</testsuite> <!-- Testcases.invalidSingleUser -->
