<?xml version="1.0" encoding="UTF-8"?>
<!-- Generated by org.testng.reporters.JUnitReportReporter -->
<testsuite hostname="Saranya-Laptop" failures="0" tests="1" name="Testcases.validPostLogin" time="1.131" errors="0" timestamp="2022-09-19T16:12:18 IST" skipped="0">
  <testcase classname="Testcases.validPostLogin" name="f" time="1.131"/>
  <system-out/>
</testsuite> <!-- Testcases.validPostLogin -->
