<?xml version="1.0" encoding="UTF-8"?>
<!-- Generated by org.testng.reporters.JUnitReportReporter -->
<testsuite hostname="Saranya-Laptop" failures="0" tests="1" name="Testcases.validgetall" time="0.005" errors="0" timestamp="2022-09-12T15:51:57 IST" skipped="0">
  <testcase classname="Testcases.validgetall" name="f" time="0.005"/>
  <system-out/>
</testsuite> <!-- Testcases.validgetall -->
